# JRE version: OpenJDK Runtime Environment (21.0.6) (build 21.0.6+-13391695-b895.109)
# Java VM: OpenJDK 64-Bit Server VM (21.0.6+-13391695-b895.109, mixed mode, tiered, compressed oops, compressed class ptrs, g1 gc, bsd-amd64)
GC Precious Log:
 CardTable entry size: 512
 Card Set container configuration: InlinePtr #cards 4 size 8 Array Of Cards #cards 32 size 80 Howl #buckets 8 coarsen threshold 7372 Howl Bitmap #cards 1024 size 144 coarsen threshold 921 Card regions per heap region 1 cards per card region 8192
 CPUs: 4 total, 4 available
 Memory: 8192M
 Large Page Support: Disabled
 NUMA Support: Disabled
 Compressed Oops: Enabled (Zero based)
 Heap Region Size: 4M
 Heap Min Capacity: 8M
 Heap Initial Capacity: 128M
 Heap Max Capacity: 8G
 Pre-touch: Disabled
 Parallel Workers: 4
 Concurrent Workers: 1
 Concurrent Refinement Workers: 4
 Periodic GC: Disabled
Heap:
 garbage-first heap   total 991232K, used 442439K [0x0000000600000000, 0x0000000800000000)
  region size 4096K, 12 young (49152K), 2 survivors (8192K)
 Metaspace       used 182039K, committed 184704K, reserved 1245184K
  class space    used 24652K, committed 25984K, reserved 1048576K
GC Heap History (20 events):
Event: 296.429 GC heap before
{Heap before GC invocations=66 (full 0):
 garbage-first heap   total 393216K, used 300754K [0x0000000600000000, 0x0000000800000000)
  region size 4096K, 24 young (98304K), 1 survivors (4096K)
 Metaspace       used 161559K, committed 164032K, reserved 1245184K
  class space    used 21963K, committed 23168K, reserved 1048576K
}
Event: 296.458 GC heap after
{Heap after GC invocations=67 (full 0):
 garbage-first heap   total 393216K, used 218791K [0x0000000600000000, 0x0000000800000000)
  region size 4096K, 3 young (12288K), 3 survivors (12288K)
 Metaspace       used 161559K, committed 164032K, reserved 1245184K
  class space    used 21963K, committed 23168K, reserved 1048576K
}
Event: 299.437 GC heap before
{Heap before GC invocations=67 (full 0):
 garbage-first heap   total 393216K, used 259751K [0x0000000600000000, 0x0000000800000000)
  region size 4096K, 14 young (57344K), 3 survivors (12288K)
 Metaspace       used 162222K, committed 164672K, reserved 1245184K
  class space    used 22037K, committed 23232K, reserved 1048576K
}
Event: 299.474 GC heap after
{Heap after GC invocations=68 (full 0):
 garbage-first heap   total 921600K, used 216543K [0x0000000600000000, 0x0000000800000000)
  region size 4096K, 1 young (4096K), 1 survivors (4096K)
 Metaspace       used 162222K, committed 164672K, reserved 1245184K
  class space    used 22037K, committed 23232K, reserved 1048576K
}
Event: 303.594 GC heap before
{Heap before GC invocations=69 (full 0):
 garbage-first heap   total 921600K, used 253407K [0x0000000600000000, 0x0000000800000000)
  region size 4096K, 11 young (45056K), 1 survivors (4096K)
 Metaspace       used 162584K, committed 165056K, reserved 1245184K
  class space    used 22074K, committed 23296K, reserved 1048576K
}
Event: 303.638 GC heap after
{Heap after GC invocations=70 (full 0):
 garbage-first heap   total 921600K, used 221020K [0x0000000600000000, 0x0000000800000000)
  region size 4096K, 2 young (8192K), 2 survivors (8192K)
 Metaspace       used 162584K, committed 165056K, reserved 1245184K
  class space    used 22074K, committed 23296K, reserved 1048576K
}
Event: 324.276 GC heap before
{Heap before GC invocations=70 (full 0):
 garbage-first heap   total 921600K, used 446300K [0x0000000600000000, 0x0000000800000000)
  region size 4096K, 53 young (217088K), 2 survivors (8192K)
 Metaspace       used 171660K, committed 174208K, reserved 1245184K
  class space    used 23265K, committed 24576K, reserved 1048576K
}
Event: 324.452 GC heap after
{Heap after GC invocations=71 (full 0):
 garbage-first heap   total 921600K, used 221104K [0x0000000600000000, 0x0000000800000000)
  region size 4096K, 4 young (16384K), 4 survivors (16384K)
 Metaspace       used 171660K, committed 174208K, reserved 1245184K
  class space    used 23265K, committed 24576K, reserved 1048576K
}
Event: 330.293 GC heap before
{Heap before GC invocations=71 (full 0):
 garbage-first heap   total 921600K, used 343984K [0x0000000600000000, 0x0000000800000000)
  region size 4096K, 35 young (143360K), 4 survivors (16384K)
 Metaspace       used 178073K, committed 180672K, reserved 1245184K
  class space    used 24208K, committed 25472K, reserved 1048576K
}
Event: 330.340 GC heap after
{Heap after GC invocations=72 (full 0):
 garbage-first heap   total 921600K, used 226286K [0x0000000600000000, 0x0000000800000000)
  region size 4096K, 4 young (16384K), 4 survivors (16384K)
 Metaspace       used 178073K, committed 180672K, reserved 1245184K
  class space    used 24208K, committed 25472K, reserved 1048576K
}
Event: 3069.146 GC heap before
{Heap before GC invocations=72 (full 0):
 garbage-first heap   total 921600K, used 914414K [0x0000000600000000, 0x0000000800000000)
  region size 4096K, 114 young (466944K), 4 survivors (16384K)
 Metaspace       used 181882K, committed 184512K, reserved 1245184K
  class space    used 24651K, committed 25984K, reserved 1048576K
}
Event: 3070.766 GC heap after
{Heap after GC invocations=73 (full 0):
 garbage-first heap   total 991232K, used 378474K [0x0000000600000000, 0x0000000800000000)
  region size 4096K, 17 young (69632K), 17 survivors (69632K)
 Metaspace       used 181882K, committed 184512K, reserved 1245184K
  class space    used 24651K, committed 25984K, reserved 1048576K
}
Event: 3070.812 GC heap before
{Heap before GC invocations=73 (full 0):
 garbage-first heap   total 991232K, used 386666K [0x0000000600000000, 0x0000000800000000)
  region size 4096K, 19 young (77824K), 17 survivors (69632K)
 Metaspace       used 181885K, committed 184512K, reserved 1245184K
  class space    used 24651K, committed 25984K, reserved 1048576K
}
Event: 3071.588 GC heap after
{Heap after GC invocations=74 (full 0):
 garbage-first heap   total 991232K, used 384790K [0x0000000600000000, 0x0000000800000000)
  region size 4096K, 2 young (8192K), 2 survivors (8192K)
 Metaspace       used 181885K, committed 184512K, reserved 1245184K
  class space    used 24651K, committed 25984K, reserved 1048576K
}
Event: 3073.911 GC heap before
{Heap before GC invocations=74 (full 0):
 garbage-first heap   total 991232K, used 425750K [0x0000000600000000, 0x0000000800000000)
  region size 4096K, 12 young (49152K), 2 survivors (8192K)
 Metaspace       used 181972K, committed 184576K, reserved 1245184K
  class space    used 24652K, committed 25984K, reserved 1048576K
}
Event: 3073.988 GC heap after
{Heap after GC invocations=75 (full 0):
 garbage-first heap   total 991232K, used 393216K [0x0000000600000000, 0x0000000800000000)
  region size 4096K, 2 young (8192K), 2 survivors (8192K)
 Metaspace       used 181972K, committed 184576K, reserved 1245184K
  class space    used 24652K, committed 25984K, reserved 1048576K
}
Event: 3075.401 GC heap before
{Heap before GC invocations=75 (full 0):
 garbage-first heap   total 991232K, used 434176K [0x0000000600000000, 0x0000000800000000)
  region size 4096K, 12 young (49152K), 2 survivors (8192K)
 Metaspace       used 181996K, committed 184640K, reserved 1245184K
  class space    used 24652K, committed 25984K, reserved 1048576K
}
Event: 3075.490 GC heap after
{Heap after GC invocations=76 (full 0):
 garbage-first heap   total 991232K, used 400816K [0x0000000600000000, 0x0000000800000000)
  region size 4096K, 2 young (8192K), 2 survivors (8192K)
 Metaspace       used 181996K, committed 184640K, reserved 1245184K
  class space    used 24652K, committed 25984K, reserved 1048576K
}
Event: 3077.486 GC heap before
{Heap before GC invocations=76 (full 0):
 garbage-first heap   total 991232K, used 437680K [0x0000000600000000, 0x0000000800000000)
  region size 4096K, 12 young (49152K), 2 survivors (8192K)
 Metaspace       used 182024K, committed 184704K, reserved 1245184K
  class space    used 24652K, committed 25984K, reserved 1048576K
}
Event: 3077.548 GC heap after
{Heap after GC invocations=77 (full 0):
 garbage-first heap   total 991232K, used 405575K [0x0000000600000000, 0x0000000800000000)
  region size 4096K, 2 young (8192K), 2 survivors (8192K)
 Metaspace       used 182024K, committed 184704K, reserved 1245184K
  class space    used 24652K, committed 25984K, reserved 1048576K
}

